Updating Model file from 30000 to latest format...
Loaded model MoBL_ARMS_Upper_Limb_Model_OpenSim from file mobl2016_v03.osim
GeometryPath 'geometrypath' has subcomponents with duplicate name 'pathwrap'.
The duplicate is being renamed to 'pathwrap_0'.
GeometryPath 'geometrypath' has subcomponents with duplicate name 'pathwrap'.
The duplicate is being renamed to 'pathwrap_0'.
GeometryPath 'geometrypath' has subcomponents with duplicate name 'pathwrap'.
The duplicate is being renamed to 'pathwrap_1'.
GeometryPath 'geometrypath' has subcomponents with duplicate name 'pathwrap'.
The duplicate is being renamed to 'pathwrap_0'.
GeometryPath 'geometrypath' has subcomponents with duplicate name 'pathwrap'.
The duplicate is being renamed to 'pathwrap_1'.
GeometryPath 'geometrypath' has subcomponents with duplicate name 'pathwrap'.
The duplicate is being renamed to 'pathwrap_0'.
GeometryPath 'geometrypath' has subcomponents with duplicate name 'pathwrap'.
The duplicate is being renamed to 'pathwrap_0'.
GeometryPath 'geometrypath' has subcomponents with duplicate name 'pathwrap'.
The duplicate is being renamed to 'pathwrap_1'.
GeometryPath 'geometrypath' has subcomponents with duplicate name 'pathwrap'.
The duplicate is being renamed to 'pathwrap_0'.
GeometryPath 'geometrypath' has subcomponents with duplicate name 'pathwrap'.
The duplicate is being renamed to 'pathwrap_1'.
GeometryPath 'geometrypath' has subcomponents with duplicate name 'default'.
The duplicate is being renamed to 'default_0'.
GeometryPath 'geometrypath' has subcomponents with duplicate name 'pathwrap'.
The duplicate is being renamed to 'pathwrap_0'.
GeometryPath 'geometrypath' has subcomponents with duplicate name 'pathwrap'.
The duplicate is being renamed to 'pathwrap_1'.
GeometryPath 'geometrypath' has subcomponents with duplicate name 'default'.
The duplicate is being renamed to 'default_0'.
GeometryPath 'geometrypath' has subcomponents with duplicate name 'pathwrap'.
The duplicate is being renamed to 'pathwrap_0'.
GeometryPath 'geometrypath' has subcomponents with duplicate name 'pathwrap'.
The duplicate is being renamed to 'pathwrap_1'.
GeometryPath 'geometrypath' has subcomponents with duplicate name 'pathwrap'.
The duplicate is being renamed to 'pathwrap_2'.
GeometryPath 'geometrypath' has subcomponents with duplicate name 'default'.
The duplicate is being renamed to 'default_0'.
GeometryPath 'geometrypath' has subcomponents with duplicate name 'pathwrap'.
The duplicate is being renamed to 'pathwrap_0'.
GeometryPath 'geometrypath' has subcomponents with duplicate name 'pathwrap'.
The duplicate is being renamed to 'pathwrap_1'.
GeometryPath 'geometrypath' has subcomponents with duplicate name 'default'.
The duplicate is being renamed to 'default_0'.
GeometryPath 'geometrypath' has subcomponents with duplicate name 'pathwrap'.
The duplicate is being renamed to 'pathwrap_0'.
GeometryPath 'geometrypath' has subcomponents with duplicate name 'pathwrap'.
The duplicate is being renamed to 'pathwrap_1'.
GeometryPath 'geometrypath' has subcomponents with duplicate name 'default'.
The duplicate is being renamed to 'default_0'.
GeometryPath 'geometrypath' has subcomponents with duplicate name 'pathwrap'.
The duplicate is being renamed to 'pathwrap_0'.
GeometryPath 'geometrypath' has subcomponents with duplicate name 'pathwrap'.
The duplicate is being renamed to 'pathwrap_1'.
GeometryPath 'geometrypath' has subcomponents with duplicate name 'default'.
The duplicate is being renamed to 'default_0'.
GeometryPath 'geometrypath' has subcomponents with duplicate name 'pathwrap'.
The duplicate is being renamed to 'pathwrap_0'.
GeometryPath 'geometrypath' has subcomponents with duplicate name 'pathwrap'.
The duplicate is being renamed to 'pathwrap_1'.
GeometryPath 'geometrypath' has subcomponents with duplicate name 'pathwrap'.
The duplicate is being renamed to 'pathwrap_0'.
GeometryPath 'geometrypath' has subcomponents with duplicate name 'pathwrap'.
The duplicate is being renamed to 'pathwrap_0'.
GeometryPath 'geometrypath' has subcomponents with duplicate name 'pathwrap'.
The duplicate is being renamed to 'pathwrap_1'.
GeometryPath 'geometrypath' has subcomponents with duplicate name 'pathwrap'.
The duplicate is being renamed to 'pathwrap_0'.
